<?xml version="1.0" encoding="UTF-8"?>
<!-- Generated by org.testng.reporters.JUnitXMLReporter -->
<testsuite hostname="sansideMacBook-Pro.local" ignored="0" name="用户管理系统测试用例" tests="7" failures="0" timestamp="31 七月 2024 07:35:19 GMT" time="13.14" errors="0">
  <testcase name="loginTrue" time="1.724" classname="com.sansi.cases.LoginTest"/>
  <testcase name="loginFalse" time="0.033" classname="com.sansi.cases.LoginTest"/>
  <testcase name="addUser" time="3.071" classname="com.sansi.cases.AddUserTest"/>
  <testcase name="getUserInfo" time="2.116" classname="com.sansi.cases.GetUserInfoTest"/>
  <testcase name="updateUserInfo" time="2.044" classname="com.sansi.cases.UpdateUserInfoTest"/>
  <testcase name="deleteUser" time="2.037" classname="com.sansi.cases.UpdateUserInfoTest"/>
  <testcase name="getUserListInfo" time="2.069" classname="com.sansi.cases.GetUserListInfoTest"/>
</testsuite> <!-- 用户管理系统测试用例 -->
