<?xml version="1.0" encoding="UTF-8" ?>
<testsuite tests="7" failures="0" name="TestSuite" time="13.682" errors="0" skipped="0">
  <properties>
[...]
</properties>
  <testcase classname="com.sansi.cases.LoginTest" name="loginTrue" time="1.723"/>
  <testcase classname="com.sansi.cases.LoginTest" name="loginFalse" time="0.034"/>
  <testcase classname="com.sansi.cases.AddUserTest" name="addUser" time="3.071"/>
  <testcase classname="com.sansi.cases.GetUserInfoTest" name="getUserInfo" time="2.116"/>
  <testcase classname="com.sansi.cases.UpdateUserInfoTest" name="updateUserInfo" time="2.043"/>
  <testcase classname="com.sansi.cases.UpdateUserInfoTest" name="deleteUser" time="2.037"/>
  <testcase classname="com.sansi.cases.GetUserListInfoTest" name="getUserListInfo" time="2.069"/>
</testsuite>